This file contains any messages produced by compilers while
running configure, to aid debugging if configure makes a mistake.

It was created by readline configure 4.3, which was
generated by GNU Autoconf 2.57.  Invocation command line was

  $ /home/sjohnston/micart/xen-4.0.1-testing/tools/debugger/gdb/gdb-6.2.1/readline/configure --cache-file=./config.cache --build=x86_64-unknown-linux-gnu --host=x86_64-unknown-linux-gnu --target=x86_64-unknown-linux-gnu --program-transform-name=s,y,y, --srcdir=../../gdb-6.2.1/readline

## --------- ##
## Platform. ##
## --------- ##

hostname = MiCART
uname -m = x86_64
uname -r = 2.6.32.27
uname -s = Linux
uname -v = #1 SMP Thu Feb 23 13:56:53 CST 2012

/usr/bin/uname -p = unknown
/bin/uname -X     = unknown

/bin/arch              = x86_64
/usr/bin/arch -k       = unknown
/usr/convex/getsysinfo = unknown
hostinfo               = unknown
/bin/machine           = unknown
/usr/bin/oslevel       = unknown
/bin/universe          = unknown

PATH: /usr/lib64/qt-3.3/bin
PATH: /usr/lib64/ccache
PATH: /usr/local/bin
PATH: /usr/bin
PATH: /bin
PATH: /usr/local/sbin
PATH: /usr/sbin
PATH: /sbin
PATH: /home/sjohnston/bin


## ----------- ##
## Core tests. ##
## ----------- ##

configure:1197: creating cache ./config.cache
configure:1325: checking build system type
configure:1343: result: x86_64-unknown-linux-gnu
configure:1351: checking host system type
configure:1365: result: x86_64-unknown-linux-gnu
configure:1403: checking whether make sets $(MAKE)
configure:1423: result: yes
configure:1440: checking for x86_64-unknown-linux-gnu-gcc
configure:1466: result: gcc
configure:1748: checking for C compiler version
configure:1751: gcc --version </dev/null >&5
gcc (GCC) 4.5.1 20100924 (Red Hat 4.5.1-4)
Copyright (C) 2010 Free Software Foundation, Inc.
This is free software; see the source for copying conditions.  There is NO
warranty; not even for MERCHANTABILITY or FITNESS FOR A PARTICULAR PURPOSE.

configure:1754: $? = 0
configure:1756: gcc -v </dev/null >&5
Using built-in specs.
COLLECT_GCC=/usr/bin/gcc
COLLECT_LTO_WRAPPER=/usr/libexec/gcc/x86_64-redhat-linux/4.5.1/lto-wrapper
Target: x86_64-redhat-linux
Configured with: ../configure --prefix=/usr --mandir=/usr/share/man --infodir=/usr/share/info --with-bugurl=http://bugzilla.redhat.com/bugzilla --enable-bootstrap --enable-shared --enable-threads=posix --enable-checking=release --with-system-zlib --enable-__cxa_atexit --disable-libunwind-exceptions --enable-gnu-unique-object --enable-linker-build-id --enable-languages=c,c++,objc,obj-c++,java,fortran,ada,lto --enable-plugin --enable-java-awt=gtk --disable-dssi --with-java-home=/usr/lib/jvm/java-1.5.0-gcj-1.5.0.0/jre --enable-libgcj-multifile --enable-java-maintainer-mode --with-ecj-jar=/usr/share/java/eclipse-ecj.jar --disable-libjava-multilib --with-ppl --with-cloog --with-tune=generic --with-arch_32=i686 --build=x86_64-redhat-linux
Thread model: posix
gcc version 4.5.1 20100924 (Red Hat 4.5.1-4) (GCC) 
configure:1759: $? = 0
configure:1761: gcc -V </dev/null >&5
gcc: '-V' option must have argument
configure:1764: $? = 1
configure:1788: checking for C compiler default output
configure:1791: gcc -g -O2   conftest.c  >&5
configure:1794: $? = 0
configure:1840: result: a.out
configure:1845: checking whether the C compiler works
configure:1851: ./a.out
configure:1854: $? = 0
configure:1871: result: yes
configure:1878: checking whether we are cross compiling
configure:1880: result: no
configure:1883: checking for suffix of executables
configure:1885: gcc -o conftest -g -O2   conftest.c  >&5
configure:1888: $? = 0
configure:1913: result: 
configure:1919: checking for suffix of object files
configure:1941: gcc -c -g -O2  conftest.c >&5
configure:1944: $? = 0
configure:1966: result: o
configure:1970: checking whether we are using the GNU C compiler
configure:1995: gcc -c -g -O2  conftest.c >&5
configure:1998: $? = 0
configure:2001: test -s conftest.o
configure:2004: $? = 0
configure:2017: result: yes
configure:2023: checking whether gcc accepts -g
configure:2045: gcc -c -g  conftest.c >&5
configure:2048: $? = 0
configure:2051: test -s conftest.o
configure:2054: $? = 0
configure:2065: result: yes
configure:2082: checking for gcc option to accept ANSI C
configure:2143: gcc  -c -g -O2  conftest.c >&5
configure:2146: $? = 0
configure:2149: test -s conftest.o
configure:2152: $? = 0
configure:2170: result: none needed
configure:2188: gcc -c -g -O2  conftest.c >&5
conftest.c:2:9: error: expected '=', ',', ';', 'asm' or '__attribute__' before 'me'
configure:2191: $? = 1
configure: failed program was:
| #ifndef __cplusplus
|   choke me
| #endif
configure:2306: checking how to run the C preprocessor
configure:2342: gcc -E  conftest.c
configure:2348: $? = 0
configure:2380: gcc -E  conftest.c
configure:2379:28: fatal error: ac_nonexistent.h: No such file or directory
compilation terminated.
configure:2386: $? = 1
configure: failed program was:
| #line 2371 "configure"
| /* confdefs.h.  */
| 
| #define PACKAGE_NAME "readline"
| #define PACKAGE_TARNAME "readline"
| #define PACKAGE_VERSION "4.3"
| #define PACKAGE_STRING "readline 4.3"
| #define PACKAGE_BUGREPORT "bug-readline@gnu.org"
| /* end confdefs.h.  */
| #include <ac_nonexistent.h>
configure:2424: result: gcc -E
configure:2449: gcc -E  conftest.c
configure:2455: $? = 0
configure:2487: gcc -E  conftest.c
configure:2486:28: fatal error: ac_nonexistent.h: No such file or directory
compilation terminated.
configure:2493: $? = 1
configure: failed program was:
| #line 2478 "configure"
| /* confdefs.h.  */
| 
| #define PACKAGE_NAME "readline"
| #define PACKAGE_TARNAME "readline"
| #define PACKAGE_VERSION "4.3"
| #define PACKAGE_STRING "readline 4.3"
| #define PACKAGE_BUGREPORT "bug-readline@gnu.org"
| /* end confdefs.h.  */
| #include <ac_nonexistent.h>
configure:2536: checking for egrep
configure:2546: result: grep -E
configure:2551: checking for ANSI C header files
configure:2577: gcc -c -g -O2  conftest.c >&5
configure:2580: $? = 0
configure:2583: test -s conftest.o
configure:2586: $? = 0
configure:2678: gcc -o conftest -g -O2   conftest.c  >&5
configure: In function 'main':
configure:2671:7: warning: incompatible implicit declaration of built-in function 'exit'
configure:2681: $? = 0
configure:2683: ./conftest
configure:2686: $? = 0
configure:2701: result: yes
configure:2725: checking for sys/types.h
configure:2742: gcc -c -g -O2  conftest.c >&5
configure:2745: $? = 0
configure:2748: test -s conftest.o
configure:2751: $? = 0
configure:2762: result: yes
configure:2725: checking for sys/stat.h
configure:2742: gcc -c -g -O2  conftest.c >&5
configure:2745: $? = 0
configure:2748: test -s conftest.o
configure:2751: $? = 0
configure:2762: result: yes
configure:2725: checking for stdlib.h
configure:2742: gcc -c -g -O2  conftest.c >&5
configure:2745: $? = 0
configure:2748: test -s conftest.o
configure:2751: $? = 0
configure:2762: result: yes
configure:2725: checking for string.h
configure:2742: gcc -c -g -O2  conftest.c >&5
configure:2745: $? = 0
configure:2748: test -s conftest.o
configure:2751: $? = 0
configure:2762: result: yes
configure:2725: checking for memory.h
configure:2742: gcc -c -g -O2  conftest.c >&5
configure:2745: $? = 0
configure:2748: test -s conftest.o
configure:2751: $? = 0
configure:2762: result: yes
configure:2725: checking for strings.h
configure:2742: gcc -c -g -O2  conftest.c >&5
configure:2745: $? = 0
configure:2748: test -s conftest.o
configure:2751: $? = 0
configure:2762: result: yes
configure:2725: checking for inttypes.h
configure:2742: gcc -c -g -O2  conftest.c >&5
configure:2745: $? = 0
configure:2748: test -s conftest.o
configure:2751: $? = 0
configure:2762: result: yes
configure:2725: checking for stdint.h
configure:2742: gcc -c -g -O2  conftest.c >&5
configure:2745: $? = 0
configure:2748: test -s conftest.o
configure:2751: $? = 0
configure:2762: result: yes
configure:2725: checking for unistd.h
configure:2742: gcc -c -g -O2  conftest.c >&5
configure:2745: $? = 0
configure:2748: test -s conftest.o
configure:2751: $? = 0
configure:2762: result: yes
configure:2784: checking minix/config.h usability
configure:2797: gcc -c -g -O2  conftest.c >&5
configure:2838:26: fatal error: minix/config.h: No such file or directory
compilation terminated.
configure:2800: $? = 1
configure: failed program was:
| #line 2786 "configure"
| /* confdefs.h.  */
| 
| #define PACKAGE_NAME "readline"
| #define PACKAGE_TARNAME "readline"
| #define PACKAGE_VERSION "4.3"
| #define PACKAGE_STRING "readline 4.3"
| #define PACKAGE_BUGREPORT "bug-readline@gnu.org"
| #define STDC_HEADERS 1
| #define HAVE_SYS_TYPES_H 1
| #define HAVE_SYS_STAT_H 1
| #define HAVE_STDLIB_H 1
| #define HAVE_STRING_H 1
| #define HAVE_MEMORY_H 1
| #define HAVE_STRINGS_H 1
| #define HAVE_INTTYPES_H 1
| #define HAVE_STDINT_H 1
| #define HAVE_UNISTD_H 1
| /* end confdefs.h.  */
| #include <stdio.h>
| #if HAVE_SYS_TYPES_H
| # include <sys/types.h>
| #endif
| #if HAVE_SYS_STAT_H
| # include <sys/stat.h>
| #endif
| #if STDC_HEADERS
| # include <stdlib.h>
| # include <stddef.h>
| #else
| # if HAVE_STDLIB_H
| #  include <stdlib.h>
| # endif
| #endif
| #if HAVE_STRING_H
| # if !STDC_HEADERS && HAVE_MEMORY_H
| #  include <memory.h>
| # endif
| # include <string.h>
| #endif
| #if HAVE_STRINGS_H
| # include <strings.h>
| #endif
| #if HAVE_INTTYPES_H
| # include <inttypes.h>
| #else
| # if HAVE_STDINT_H
| #  include <stdint.h>
| # endif
| #endif
| #if HAVE_UNISTD_H
| # include <unistd.h>
| #endif
| #include <minix/config.h>
configure:2816: result: no
configure:2820: checking minix/config.h presence
configure:2831: gcc -E  conftest.c
configure:2840:26: fatal error: minix/config.h: No such file or directory
compilation terminated.
configure:2837: $? = 1
configure: failed program was:
| #line 2822 "configure"
| /* confdefs.h.  */
| 
| #define PACKAGE_NAME "readline"
| #define PACKAGE_TARNAME "readline"
| #define PACKAGE_VERSION "4.3"
| #define PACKAGE_STRING "readline 4.3"
| #define PACKAGE_BUGREPORT "bug-readline@gnu.org"
| #define STDC_HEADERS 1
| #define HAVE_SYS_TYPES_H 1
| #define HAVE_SYS_STAT_H 1
| #define HAVE_STDLIB_H 1
| #define HAVE_STRING_H 1
| #define HAVE_MEMORY_H 1
| #define HAVE_STRINGS_H 1
| #define HAVE_INTTYPES_H 1
| #define HAVE_STDINT_H 1
| #define HAVE_UNISTD_H 1
| /* end confdefs.h.  */
| #include <minix/config.h>
configure:2856: result: no
configure:2892: checking for minix/config.h
configure:2899: result: no
configure:2967: checking whether gcc needs -traditional
configure:3011: result: no
configure:3030: checking for a BSD-compatible install
configure:3084: result: /usr/bin/install -c
configure:3097: checking for ar
configure:3124: result: ar
configure:3135: checking for x86_64-unknown-linux-gnu-ranlib
configure:3161: result: ranlib
configure:3216: checking for an ANSI C-conforming const
configure:3284: gcc -c -g -O2  conftest.c >&5
configure:3287: $? = 0
configure:3290: test -s conftest.o
configure:3293: $? = 0
configure:3304: result: yes
configure:3314: checking for function prototypes
configure:3317: result: yes
configure:3335: checking whether char is unsigned
configure:3359: gcc -c -g -O2  conftest.c >&5
configure:3362: $? = 0
configure:3365: test -s conftest.o
configure:3368: $? = 0
configure:3379: result: no
configure:3389: checking return type of signal handlers
configure:3421: gcc -c -g -O2  conftest.c >&5
configure:3424: $? = 0
configure:3427: test -s conftest.o
configure:3430: $? = 0
configure:3441: result: void
configure:3450: checking for size_t
configure:3475: gcc -c -g -O2  conftest.c >&5
configure:3478: $? = 0
configure:3481: test -s conftest.o
configure:3484: $? = 0
configure:3495: result: yes
configure:3507: checking for ssize_t
configure:3532: gcc -c -g -O2  conftest.c >&5
configure:3535: $? = 0
configure:3538: test -s conftest.o
configure:3541: $? = 0
configure:3552: result: yes
configure:3565: checking whether stat file-mode macros are broken
configure:3614: result: no
configure:3632: checking for dirent.h that defines DIR
configure:3657: gcc -c -g -O2  conftest.c >&5
configure:3660: $? = 0
configure:3663: test -s conftest.o
configure:3666: $? = 0
configure:3677: result: yes
configure:3690: checking for library containing opendir
configure:3721: gcc -o conftest -g -O2   conftest.c  >&5
configure:3724: $? = 0
configure:3727: test -s conftest
configure:3730: $? = 0
configure:3789: result: none required
configure:3922: checking for lstat
configure:3972: gcc -o conftest -g -O2   conftest.c  >&5
configure:3975: $? = 0
configure:3978: test -s conftest
configure:3981: $? = 0
configure:3992: result: yes
configure:3922: checking for memmove
configure:3972: gcc -o conftest -g -O2   conftest.c  >&5
configure:3966:6: warning: conflicting types for built-in function 'memmove'
configure:3975: $? = 0
configure:3978: test -s conftest
configure:3981: $? = 0
configure:3992: result: yes
configure:3922: checking for putenv
configure:3972: gcc -o conftest -g -O2   conftest.c  >&5
configure:3975: $? = 0
configure:3978: test -s conftest
configure:3981: $? = 0
configure:3992: result: yes
configure:3922: checking for select
configure:3972: gcc -o conftest -g -O2   conftest.c  >&5
configure:3975: $? = 0
configure:3978: test -s conftest
configure:3981: $? = 0
configure:3992: result: yes
configure:3922: checking for setenv
configure:3972: gcc -o conftest -g -O2   conftest.c  >&5
configure:3975: $? = 0
configure:3978: test -s conftest
configure:3981: $? = 0
configure:3992: result: yes
configure:3922: checking for setlocale
configure:3972: gcc -o conftest -g -O2   conftest.c  >&5
configure:3975: $? = 0
configure:3978: test -s conftest
configure:3981: $? = 0
configure:3992: result: yes
configure:3922: checking for strcasecmp
configure:3972: gcc -o conftest -g -O2   conftest.c  >&5
configure:3971:6: warning: conflicting types for built-in function 'strcasecmp'
configure:3975: $? = 0
configure:3978: test -s conftest
configure:3981: $? = 0
configure:3992: result: yes
configure:3922: checking for strpbrk
configure:3972: gcc -o conftest -g -O2   conftest.c  >&5
configure:3972:6: warning: conflicting types for built-in function 'strpbrk'
configure:3975: $? = 0
configure:3978: test -s conftest
configure:3981: $? = 0
configure:3992: result: yes
configure:3922: checking for tcgetattr
configure:3972: gcc -o conftest -g -O2   conftest.c  >&5
configure:3975: $? = 0
configure:3978: test -s conftest
configure:3981: $? = 0
configure:3992: result: yes
configure:3922: checking for vsnprintf
configure:3972: gcc -o conftest -g -O2   conftest.c  >&5
configure:3974:6: warning: conflicting types for built-in function 'vsnprintf'
configure:3975: $? = 0
configure:3978: test -s conftest
configure:3981: $? = 0
configure:3992: result: yes
configure:3922: checking for isascii
configure:3972: gcc -o conftest -g -O2   conftest.c  >&5
configure:3975:6: warning: conflicting types for built-in function 'isascii'
configure:3975: $? = 0
configure:3978: test -s conftest
configure:3981: $? = 0
configure:3992: result: yes
configure:3922: checking for isxdigit
configure:3972: gcc -o conftest -g -O2   conftest.c  >&5
configure:3976:6: warning: conflicting types for built-in function 'isxdigit'
configure:3975: $? = 0
configure:3978: test -s conftest
configure:3981: $? = 0
configure:3992: result: yes
configure:4003: checking for working strcoll
configure:4030: gcc -o conftest -g -O2   conftest.c  >&5
configure:4033: $? = 0
configure:4035: ./conftest
configure:4038: $? = 0
configure:4052: result: yes
configure:4086: checking for unistd.h
configure:4091: result: yes
configure:4086: checking for stdlib.h
configure:4091: result: yes
configure:4095: checking varargs.h usability
configure:4108: gcc -c -g -O2  conftest.c >&5
In file included from configure:4168:0:
/usr/lib/gcc/x86_64-redhat-linux/4.5.1/include/varargs.h:4:2: error: #error "GCC no longer implements <varargs.h>."
/usr/lib/gcc/x86_64-redhat-linux/4.5.1/include/varargs.h:5:2: error: #error "Revise your code to use <stdarg.h>."
configure:4111: $? = 1
configure: failed program was:
| #line 4097 "configure"
| /* confdefs.h.  */
| 
| #define PACKAGE_NAME "readline"
| #define PACKAGE_TARNAME "readline"
| #define PACKAGE_VERSION "4.3"
| #define PACKAGE_STRING "readline 4.3"
| #define PACKAGE_BUGREPORT "bug-readline@gnu.org"
| #define STDC_HEADERS 1
| #define HAVE_SYS_TYPES_H 1
| #define HAVE_SYS_STAT_H 1
| #define HAVE_STDLIB_H 1
| #define HAVE_STRING_H 1
| #define HAVE_MEMORY_H 1
| #define HAVE_STRINGS_H 1
| #define HAVE_INTTYPES_H 1
| #define HAVE_STDINT_H 1
| #define HAVE_UNISTD_H 1
| #define PROTOTYPES 1
| #define __PROTOTYPES 1
| #define RETSIGTYPE void
| #define HAVE_DIRENT_H 1
| #define HAVE_LSTAT 1
| #define HAVE_MEMMOVE 1
| #define HAVE_PUTENV 1
| #define HAVE_SELECT 1
| #define HAVE_SETENV 1
| #define HAVE_SETLOCALE 1
| #define HAVE_STRCASECMP 1
| #define HAVE_STRPBRK 1
| #define HAVE_TCGETATTR 1
| #define HAVE_VSNPRINTF 1
| #define HAVE_ISASCII 1
| #define HAVE_ISXDIGIT 1
| #define HAVE_STRCOLL 1
| #define HAVE_UNISTD_H 1
| #define HAVE_STDLIB_H 1
| /* end confdefs.h.  */
| #include <stdio.h>
| #if HAVE_SYS_TYPES_H
| # include <sys/types.h>
| #endif
| #if HAVE_SYS_STAT_H
| # include <sys/stat.h>
| #endif
| #if STDC_HEADERS
| # include <stdlib.h>
| # include <stddef.h>
| #else
| # if HAVE_STDLIB_H
| #  include <stdlib.h>
| # endif
| #endif
| #if HAVE_STRING_H
| # if !STDC_HEADERS && HAVE_MEMORY_H
| #  include <memory.h>
| # endif
| # include <string.h>
| #endif
| #if HAVE_STRINGS_H
| # include <strings.h>
| #endif
| #if HAVE_INTTYPES_H
| # include <inttypes.h>
| #else
| # if HAVE_STDINT_H
| #  include <stdint.h>
| # endif
| #endif
| #if HAVE_UNISTD_H
| # include <unistd.h>
| #endif
| #include <varargs.h>
configure:4127: result: no
configure:4131: checking varargs.h presence
configure:4142: gcc -E  conftest.c
In file included from configure:4170:0:
/usr/lib/gcc/x86_64-redhat-linux/4.5.1/include/varargs.h:4:2: error: #error "GCC no longer implements <varargs.h>."
/usr/lib/gcc/x86_64-redhat-linux/4.5.1/include/varargs.h:5:2: error: #error "Revise your code to use <stdarg.h>."
configure:4148: $? = 1
configure: failed program was:
| #line 4133 "configure"
| /* confdefs.h.  */
| 
| #define PACKAGE_NAME "readline"
| #define PACKAGE_TARNAME "readline"
| #define PACKAGE_VERSION "4.3"
| #define PACKAGE_STRING "readline 4.3"
| #define PACKAGE_BUGREPORT "bug-readline@gnu.org"
| #define STDC_HEADERS 1
| #define HAVE_SYS_TYPES_H 1
| #define HAVE_SYS_STAT_H 1
| #define HAVE_STDLIB_H 1
| #define HAVE_STRING_H 1
| #define HAVE_MEMORY_H 1
| #define HAVE_STRINGS_H 1
| #define HAVE_INTTYPES_H 1
| #define HAVE_STDINT_H 1
| #define HAVE_UNISTD_H 1
| #define PROTOTYPES 1
| #define __PROTOTYPES 1
| #define RETSIGTYPE void
| #define HAVE_DIRENT_H 1
| #define HAVE_LSTAT 1
| #define HAVE_MEMMOVE 1
| #define HAVE_PUTENV 1
| #define HAVE_SELECT 1
| #define HAVE_SETENV 1
| #define HAVE_SETLOCALE 1
| #define HAVE_STRCASECMP 1
| #define HAVE_STRPBRK 1
| #define HAVE_TCGETATTR 1
| #define HAVE_VSNPRINTF 1
| #define HAVE_ISASCII 1
| #define HAVE_ISXDIGIT 1
| #define HAVE_STRCOLL 1
| #define HAVE_UNISTD_H 1
| #define HAVE_STDLIB_H 1
| /* end confdefs.h.  */
| #include <varargs.h>
configure:4167: result: no
configure:4203: checking for varargs.h
configure:4210: result: no
configure:4095: checking stdarg.h usability
configure:4108: gcc -c -g -O2  conftest.c >&5
configure:4111: $? = 0
configure:4114: test -s conftest.o
configure:4117: $? = 0
configure:4127: result: yes
configure:4131: checking stdarg.h presence
configure:4142: gcc -E  conftest.c
configure:4148: $? = 0
configure:4167: result: yes
configure:4203: checking for stdarg.h
configure:4210: result: yes
configure:4086: checking for string.h
configure:4091: result: yes
configure:4086: checking for strings.h
configure:4091: result: yes
configure:4095: checking limits.h usability
configure:4108: gcc -c -g -O2  conftest.c >&5
configure:4111: $? = 0
configure:4114: test -s conftest.o
configure:4117: $? = 0
configure:4127: result: yes
configure:4131: checking limits.h presence
configure:4142: gcc -E  conftest.c
configure:4148: $? = 0
configure:4167: result: yes
configure:4203: checking for limits.h
configure:4210: result: yes
configure:4095: checking sys/ptem.h usability
configure:4108: gcc -c -g -O2  conftest.c >&5
configure:4172:22: fatal error: sys/ptem.h: No such file or directory
compilation terminated.
configure:4111: $? = 1
configure: failed program was:
| #line 4097 "configure"
| /* confdefs.h.  */
| 
| #define PACKAGE_NAME "readline"
| #define PACKAGE_TARNAME "readline"
| #define PACKAGE_VERSION "4.3"
| #define PACKAGE_STRING "readline 4.3"
| #define PACKAGE_BUGREPORT "bug-readline@gnu.org"
| #define STDC_HEADERS 1
| #define HAVE_SYS_TYPES_H 1
| #define HAVE_SYS_STAT_H 1
| #define HAVE_STDLIB_H 1
| #define HAVE_STRING_H 1
| #define HAVE_MEMORY_H 1
| #define HAVE_STRINGS_H 1
| #define HAVE_INTTYPES_H 1
| #define HAVE_STDINT_H 1
| #define HAVE_UNISTD_H 1
| #define PROTOTYPES 1
| #define __PROTOTYPES 1
| #define RETSIGTYPE void
| #define HAVE_DIRENT_H 1
| #define HAVE_LSTAT 1
| #define HAVE_MEMMOVE 1
| #define HAVE_PUTENV 1
| #define HAVE_SELECT 1
| #define HAVE_SETENV 1
| #define HAVE_SETLOCALE 1
| #define HAVE_STRCASECMP 1
| #define HAVE_STRPBRK 1
| #define HAVE_TCGETATTR 1
| #define HAVE_VSNPRINTF 1
| #define HAVE_ISASCII 1
| #define HAVE_ISXDIGIT 1
| #define HAVE_STRCOLL 1
| #define HAVE_UNISTD_H 1
| #define HAVE_STDLIB_H 1
| #define HAVE_STDARG_H 1
| #define HAVE_STRING_H 1
| #define HAVE_STRINGS_H 1
| #define HAVE_LIMITS_H 1
| /* end confdefs.h.  */
| #include <stdio.h>
| #if HAVE_SYS_TYPES_H
| # include <sys/types.h>
| #endif
| #if HAVE_SYS_STAT_H
| # include <sys/stat.h>
| #endif
| #if STDC_HEADERS
| # include <stdlib.h>
| # include <stddef.h>
| #else
| # if HAVE_STDLIB_H
| #  include <stdlib.h>
| # endif
| #endif
| #if HAVE_STRING_H
| # if !STDC_HEADERS && HAVE_MEMORY_H
| #  include <memory.h>
| # endif
| # include <string.h>
| #endif
| #if HAVE_STRINGS_H
| # include <strings.h>
| #endif
| #if HAVE_INTTYPES_H
| # include <inttypes.h>
| #else
| # if HAVE_STDINT_H
| #  include <stdint.h>
| # endif
| #endif
| #if HAVE_UNISTD_H
| # include <unistd.h>
| #endif
| #include <sys/ptem.h>
configure:4127: result: no
configure:4131: checking sys/ptem.h presence
configure:4142: gcc -E  conftest.c
configure:4174:22: fatal error: sys/ptem.h: No such file or directory
compilation terminated.
configure:4148: $? = 1
configure: failed program was:
| #line 4133 "configure"
| /* confdefs.h.  */
| 
| #define PACKAGE_NAME "readline"
| #define PACKAGE_TARNAME "readline"
| #define PACKAGE_VERSION "4.3"
| #define PACKAGE_STRING "readline 4.3"
| #define PACKAGE_BUGREPORT "bug-readline@gnu.org"
| #define STDC_HEADERS 1
| #define HAVE_SYS_TYPES_H 1
| #define HAVE_SYS_STAT_H 1
| #define HAVE_STDLIB_H 1
| #define HAVE_STRING_H 1
| #define HAVE_MEMORY_H 1
| #define HAVE_STRINGS_H 1
| #define HAVE_INTTYPES_H 1
| #define HAVE_STDINT_H 1
| #define HAVE_UNISTD_H 1
| #define PROTOTYPES 1
| #define __PROTOTYPES 1
| #define RETSIGTYPE void
| #define HAVE_DIRENT_H 1
| #define HAVE_LSTAT 1
| #define HAVE_MEMMOVE 1
| #define HAVE_PUTENV 1
| #define HAVE_SELECT 1
| #define HAVE_SETENV 1
| #define HAVE_SETLOCALE 1
| #define HAVE_STRCASECMP 1
| #define HAVE_STRPBRK 1
| #define HAVE_TCGETATTR 1
| #define HAVE_VSNPRINTF 1
| #define HAVE_ISASCII 1
| #define HAVE_ISXDIGIT 1
| #define HAVE_STRCOLL 1
| #define HAVE_UNISTD_H 1
| #define HAVE_STDLIB_H 1
| #define HAVE_STDARG_H 1
| #define HAVE_STRING_H 1
| #define HAVE_STRINGS_H 1
| #define HAVE_LIMITS_H 1
| /* end confdefs.h.  */
| #include <sys/ptem.h>
configure:4167: result: no
configure:4203: checking for sys/ptem.h
configure:4210: result: no
configure:4095: checking sys/pte.h usability
configure:4108: gcc -c -g -O2  conftest.c >&5
configure:4172:21: fatal error: sys/pte.h: No such file or directory
compilation terminated.
configure:4111: $? = 1
configure: failed program was:
| #line 4097 "configure"
| /* confdefs.h.  */
| 
| #define PACKAGE_NAME "readline"
| #define PACKAGE_TARNAME "readline"
| #define PACKAGE_VERSION "4.3"
| #define PACKAGE_STRING "readline 4.3"
| #define PACKAGE_BUGREPORT "bug-readline@gnu.org"
| #define STDC_HEADERS 1
| #define HAVE_SYS_TYPES_H 1
| #define HAVE_SYS_STAT_H 1
| #define HAVE_STDLIB_H 1
| #define HAVE_STRING_H 1
| #define HAVE_MEMORY_H 1
| #define HAVE_STRINGS_H 1
| #define HAVE_INTTYPES_H 1
| #define HAVE_STDINT_H 1
| #define HAVE_UNISTD_H 1
| #define PROTOTYPES 1
| #define __PROTOTYPES 1
| #define RETSIGTYPE void
| #define HAVE_DIRENT_H 1
| #define HAVE_LSTAT 1
| #define HAVE_MEMMOVE 1
| #define HAVE_PUTENV 1
| #define HAVE_SELECT 1
| #define HAVE_SETENV 1
| #define HAVE_SETLOCALE 1
| #define HAVE_STRCASECMP 1
| #define HAVE_STRPBRK 1
| #define HAVE_TCGETATTR 1
| #define HAVE_VSNPRINTF 1
| #define HAVE_ISASCII 1
| #define HAVE_ISXDIGIT 1
| #define HAVE_STRCOLL 1
| #define HAVE_UNISTD_H 1
| #define HAVE_STDLIB_H 1
| #define HAVE_STDARG_H 1
| #define HAVE_STRING_H 1
| #define HAVE_STRINGS_H 1
| #define HAVE_LIMITS_H 1
| /* end confdefs.h.  */
| #include <stdio.h>
| #if HAVE_SYS_TYPES_H
| # include <sys/types.h>
| #endif
| #if HAVE_SYS_STAT_H
| # include <sys/stat.h>
| #endif
| #if STDC_HEADERS
| # include <stdlib.h>
| # include <stddef.h>
| #else
| # if HAVE_STDLIB_H
| #  include <stdlib.h>
| # endif
| #endif
| #if HAVE_STRING_H
| # if !STDC_HEADERS && HAVE_MEMORY_H
| #  include <memory.h>
| # endif
| # include <string.h>
| #endif
| #if HAVE_STRINGS_H
| # include <strings.h>
| #endif
| #if HAVE_INTTYPES_H
| # include <inttypes.h>
| #else
| # if HAVE_STDINT_H
| #  include <stdint.h>
| # endif
| #endif
| #if HAVE_UNISTD_H
| # include <unistd.h>
| #endif
| #include <sys/pte.h>
configure:4127: result: no
configure:4131: checking sys/pte.h presence
configure:4142: gcc -E  conftest.c
configure:4174:21: fatal error: sys/pte.h: No such file or directory
compilation terminated.
configure:4148: $? = 1
configure: failed program was:
| #line 4133 "configure"
| /* confdefs.h.  */
| 
| #define PACKAGE_NAME "readline"
| #define PACKAGE_TARNAME "readline"
| #define PACKAGE_VERSION "4.3"
| #define PACKAGE_STRING "readline 4.3"
| #define PACKAGE_BUGREPORT "bug-readline@gnu.org"
| #define STDC_HEADERS 1
| #define HAVE_SYS_TYPES_H 1
| #define HAVE_SYS_STAT_H 1
| #define HAVE_STDLIB_H 1
| #define HAVE_STRING_H 1
| #define HAVE_MEMORY_H 1
| #define HAVE_STRINGS_H 1
| #define HAVE_INTTYPES_H 1
| #define HAVE_STDINT_H 1
| #define HAVE_UNISTD_H 1
| #define PROTOTYPES 1
| #define __PROTOTYPES 1
| #define RETSIGTYPE void
| #define HAVE_DIRENT_H 1
| #define HAVE_LSTAT 1
| #define HAVE_MEMMOVE 1
| #define HAVE_PUTENV 1
| #define HAVE_SELECT 1
| #define HAVE_SETENV 1
| #define HAVE_SETLOCALE 1
| #define HAVE_STRCASECMP 1
| #define HAVE_STRPBRK 1
| #define HAVE_TCGETATTR 1
| #define HAVE_VSNPRINTF 1
| #define HAVE_ISASCII 1
| #define HAVE_ISXDIGIT 1
| #define HAVE_STRCOLL 1
| #define HAVE_UNISTD_H 1
| #define HAVE_STDLIB_H 1
| #define HAVE_STDARG_H 1
| #define HAVE_STRING_H 1
| #define HAVE_STRINGS_H 1
| #define HAVE_LIMITS_H 1
| /* end confdefs.h.  */
| #include <sys/pte.h>
configure:4167: result: no
configure:4203: checking for sys/pte.h
configure:4210: result: no
configure:4095: checking sys/stream.h usability
configure:4108: gcc -c -g -O2  conftest.c >&5
configure:4172:24: fatal error: sys/stream.h: No such file or directory
compilation terminated.
configure:4111: $? = 1
configure: failed program was:
| #line 4097 "configure"
| /* confdefs.h.  */
| 
| #define PACKAGE_NAME "readline"
| #define PACKAGE_TARNAME "readline"
| #define PACKAGE_VERSION "4.3"
| #define PACKAGE_STRING "readline 4.3"
| #define PACKAGE_BUGREPORT "bug-readline@gnu.org"
| #define STDC_HEADERS 1
| #define HAVE_SYS_TYPES_H 1
| #define HAVE_SYS_STAT_H 1
| #define HAVE_STDLIB_H 1
| #define HAVE_STRING_H 1
| #define HAVE_MEMORY_H 1
| #define HAVE_STRINGS_H 1
| #define HAVE_INTTYPES_H 1
| #define HAVE_STDINT_H 1
| #define HAVE_UNISTD_H 1
| #define PROTOTYPES 1
| #define __PROTOTYPES 1
| #define RETSIGTYPE void
| #define HAVE_DIRENT_H 1
| #define HAVE_LSTAT 1
| #define HAVE_MEMMOVE 1
| #define HAVE_PUTENV 1
| #define HAVE_SELECT 1
| #define HAVE_SETENV 1
| #define HAVE_SETLOCALE 1
| #define HAVE_STRCASECMP 1
| #define HAVE_STRPBRK 1
| #define HAVE_TCGETATTR 1
| #define HAVE_VSNPRINTF 1
| #define HAVE_ISASCII 1
| #define HAVE_ISXDIGIT 1
| #define HAVE_STRCOLL 1
| #define HAVE_UNISTD_H 1
| #define HAVE_STDLIB_H 1
| #define HAVE_STDARG_H 1
| #define HAVE_STRING_H 1
| #define HAVE_STRINGS_H 1
| #define HAVE_LIMITS_H 1
| /* end confdefs.h.  */
| #include <stdio.h>
| #if HAVE_SYS_TYPES_H
| # include <sys/types.h>
| #endif
| #if HAVE_SYS_STAT_H
| # include <sys/stat.h>
| #endif
| #if STDC_HEADERS
| # include <stdlib.h>
| # include <stddef.h>
| #else
| # if HAVE_STDLIB_H
| #  include <stdlib.h>
| # endif
| #endif
| #if HAVE_STRING_H
| # if !STDC_HEADERS && HAVE_MEMORY_H
| #  include <memory.h>
| # endif
| # include <string.h>
| #endif
| #if HAVE_STRINGS_H
| # include <strings.h>
| #endif
| #if HAVE_INTTYPES_H
| # include <inttypes.h>
| #else
| # if HAVE_STDINT_H
| #  include <stdint.h>
| # endif
| #endif
| #if HAVE_UNISTD_H
| # include <unistd.h>
| #endif
| #include <sys/stream.h>
configure:4127: result: no
configure:4131: checking sys/stream.h presence
configure:4142: gcc -E  conftest.c
configure:4174:24: fatal error: sys/stream.h: No such file or directory
compilation terminated.
configure:4148: $? = 1
configure: failed program was:
| #line 4133 "configure"
| /* confdefs.h.  */
| 
| #define PACKAGE_NAME "readline"
| #define PACKAGE_TARNAME "readline"
| #define PACKAGE_VERSION "4.3"
| #define PACKAGE_STRING "readline 4.3"
| #define PACKAGE_BUGREPORT "bug-readline@gnu.org"
| #define STDC_HEADERS 1
| #define HAVE_SYS_TYPES_H 1
| #define HAVE_SYS_STAT_H 1
| #define HAVE_STDLIB_H 1
| #define HAVE_STRING_H 1
| #define HAVE_MEMORY_H 1
| #define HAVE_STRINGS_H 1
| #define HAVE_INTTYPES_H 1
| #define HAVE_STDINT_H 1
| #define HAVE_UNISTD_H 1
| #define PROTOTYPES 1
| #define __PROTOTYPES 1
| #define RETSIGTYPE void
| #define HAVE_DIRENT_H 1
| #define HAVE_LSTAT 1
| #define HAVE_MEMMOVE 1
| #define HAVE_PUTENV 1
| #define HAVE_SELECT 1
| #define HAVE_SETENV 1
| #define HAVE_SETLOCALE 1
| #define HAVE_STRCASECMP 1
| #define HAVE_STRPBRK 1
| #define HAVE_TCGETATTR 1
| #define HAVE_VSNPRINTF 1
| #define HAVE_ISASCII 1
| #define HAVE_ISXDIGIT 1
| #define HAVE_STRCOLL 1
| #define HAVE_UNISTD_H 1
| #define HAVE_STDLIB_H 1
| #define HAVE_STDARG_H 1
| #define HAVE_STRING_H 1
| #define HAVE_STRINGS_H 1
| #define HAVE_LIMITS_H 1
| /* end confdefs.h.  */
| #include <sys/stream.h>
configure:4167: result: no
configure:4203: checking for sys/stream.h
configure:4210: result: no
configure:4095: checking sys/select.h usability
configure:4108: gcc -c -g -O2  conftest.c >&5
configure:4111: $? = 0
configure:4114: test -s conftest.o
configure:4117: $? = 0
configure:4127: result: yes
configure:4131: checking sys/select.h presence
configure:4142: gcc -E  conftest.c
configure:4148: $? = 0
configure:4167: result: yes
configure:4203: checking for sys/select.h
configure:4210: result: yes
configure:4095: checking termcap.h usability
configure:4108: gcc -c -g -O2  conftest.c >&5
configure:4111: $? = 0
configure:4114: test -s conftest.o
configure:4117: $? = 0
configure:4127: result: yes
configure:4131: checking termcap.h presence
configure:4142: gcc -E  conftest.c
configure:4148: $? = 0
configure:4167: result: yes
configure:4203: checking for termcap.h
configure:4210: result: yes
configure:4095: checking termios.h usability
configure:4108: gcc -c -g -O2  conftest.c >&5
configure:4111: $? = 0
configure:4114: test -s conftest.o
configure:4117: $? = 0
configure:4127: result: yes
configure:4131: checking termios.h presence
configure:4142: gcc -E  conftest.c
configure:4148: $? = 0
configure:4167: result: yes
configure:4203: checking for termios.h
configure:4210: result: yes
configure:4095: checking termio.h usability
configure:4108: gcc -c -g -O2  conftest.c >&5
configure:4111: $? = 0
configure:4114: test -s conftest.o
configure:4117: $? = 0
configure:4127: result: yes
configure:4131: checking termio.h presence
configure:4142: gcc -E  conftest.c
configure:4148: $? = 0
configure:4167: result: yes
configure:4203: checking for termio.h
configure:4210: result: yes
configure:4095: checking sys/file.h usability
configure:4108: gcc -c -g -O2  conftest.c >&5
configure:4111: $? = 0
configure:4114: test -s conftest.o
configure:4117: $? = 0
configure:4127: result: yes
configure:4131: checking sys/file.h presence
configure:4142: gcc -E  conftest.c
configure:4148: $? = 0
configure:4167: result: yes
configure:4203: checking for sys/file.h
configure:4210: result: yes
configure:4095: checking locale.h usability
configure:4108: gcc -c -g -O2  conftest.c >&5
configure:4111: $? = 0
configure:4114: test -s conftest.o
configure:4117: $? = 0
configure:4127: result: yes
configure:4131: checking locale.h presence
configure:4142: gcc -E  conftest.c
configure:4148: $? = 0
configure:4167: result: yes
configure:4203: checking for locale.h
configure:4210: result: yes
configure:4086: checking for memory.h
configure:4091: result: yes
configure:4225: checking for type of signal functions
configure:4254: gcc -o conftest -g -O2   conftest.c  >&5
configure:4257: $? = 0
configure:4260: test -s conftest
configure:4263: $? = 0
configure:4360: result: posix
configure:4381: checking if signal handlers must be reinstalled when invoked
configure:4445: gcc -o conftest -g -O2   conftest.c  >&5
configure: In function 'main':
configure:4482:2: warning: incompatible implicit declaration of built-in function 'exit'
configure:4448: $? = 0
configure:4450: ./conftest
configure:4453: $? = 0
configure:4468: result: no
configure:4479: checking for presence of POSIX-style sigsetjmp/siglongjmp
configure:4537: gcc -o conftest -g -O2   conftest.c  >&5
configure: In function 'main':
configure:4566:3: warning: incompatible implicit declaration of built-in function 'exit'
configure:4540: $? = 0
configure:4542: ./conftest
configure:4545: $? = 0
configure:4560: result: present
configure:4569: checking for lstat
configure:4594: gcc -o conftest -g -O2   conftest.c  >&5
configure:4597: $? = 0
configure:4600: test -s conftest
configure:4603: $? = 0
configure:4614: result: yes
configure:4624: checking whether or not strcoll and strcmp differ
configure:4680: gcc -o conftest -g -O2   conftest.c  >&5
configure: In function 'main':
configure:4719:2: warning: incompatible implicit declaration of built-in function 'exit'
configure:4683: $? = 0
configure:4685: ./conftest
configure:4688: $? = 1
configure: program exited with status 1
configure: failed program was:
| #line 4635 "configure"
| /* confdefs.h.  */
| 
| #define PACKAGE_NAME "readline"
| #define PACKAGE_TARNAME "readline"
| #define PACKAGE_VERSION "4.3"
| #define PACKAGE_STRING "readline 4.3"
| #define PACKAGE_BUGREPORT "bug-readline@gnu.org"
| #define STDC_HEADERS 1
| #define HAVE_SYS_TYPES_H 1
| #define HAVE_SYS_STAT_H 1
| #define HAVE_STDLIB_H 1
| #define HAVE_STRING_H 1
| #define HAVE_MEMORY_H 1
| #define HAVE_STRINGS_H 1
| #define HAVE_INTTYPES_H 1
| #define HAVE_STDINT_H 1
| #define HAVE_UNISTD_H 1
| #define PROTOTYPES 1
| #define __PROTOTYPES 1
| #define RETSIGTYPE void
| #define HAVE_DIRENT_H 1
| #define HAVE_LSTAT 1
| #define HAVE_MEMMOVE 1
| #define HAVE_PUTENV 1
| #define HAVE_SELECT 1
| #define HAVE_SETENV 1
| #define HAVE_SETLOCALE 1
| #define HAVE_STRCASECMP 1
| #define HAVE_STRPBRK 1
| #define HAVE_TCGETATTR 1
| #define HAVE_VSNPRINTF 1
| #define HAVE_ISASCII 1
| #define HAVE_ISXDIGIT 1
| #define HAVE_STRCOLL 1
| #define HAVE_UNISTD_H 1
| #define HAVE_STDLIB_H 1
| #define HAVE_STDARG_H 1
| #define HAVE_STRING_H 1
| #define HAVE_STRINGS_H 1
| #define HAVE_LIMITS_H 1
| #define HAVE_SYS_SELECT_H 1
| #define HAVE_TERMCAP_H 1
| #define HAVE_TERMIOS_H 1
| #define HAVE_TERMIO_H 1
| #define HAVE_SYS_FILE_H 1
| #define HAVE_LOCALE_H 1
| #define HAVE_MEMORY_H 1
| #define HAVE_POSIX_SIGNALS 1
| #define HAVE_POSIX_SIGSETJMP 1
| #define HAVE_LSTAT 1
| /* end confdefs.h.  */
| 
| #include <stdio.h>
| #if defined (HAVE_LOCALE_H)
| #include <locale.h>
| #endif
| 
| main(c, v)
| int     c;
| char    *v[];
| {
|         int     r1, r2;
|         char    *deflocale, *defcoll;
| 
| #ifdef HAVE_SETLOCALE
|         deflocale = setlocale(LC_ALL, "");
| 	defcoll = setlocale(LC_COLLATE, "");
| #endif
| 
| #ifdef HAVE_STRCOLL
| 	/* These two values are taken from tests/glob-test. */
|         r1 = strcoll("abd", "aXd");
| #else
| 	r1 = 0;
| #endif
|         r2 = strcmp("abd", "aXd");
| 
| 	/* These two should both be greater than 0.  It is permissible for
| 	   a system to return different values, as long as the sign is the
| 	   same. */
| 
|         /* Exit with 1 (failure) if these two values are both > 0, since
| 	   this tests whether strcoll(3) is broken with respect to strcmp(3)
| 	   in the default locale. */
| 	exit (r1 > 0 && r2 > 0);
| }
| 
configure:4703: result: no
configure:4713: checking whether getpw functions are declared in pwd.h
configure:4743: result: yes
configure:4753: checking whether termios.h defines TIOCGWINSZ
configure:4781: result: no
configure:4785: checking whether sys/ioctl.h defines TIOCGWINSZ
configure:4813: result: yes
configure:4826: checking whether signal handlers are of type void
configure:4856: gcc -c -g -O2  conftest.c >&5
configure:4859: $? = 0
configure:4862: test -s conftest.o
configure:4865: $? = 0
configure:4876: result: yes
configure:4885: checking for TIOCSTAT in sys/ioctl.h
configure:4908: gcc -c -g -O2  conftest.c >&5
configure: In function 'main':
configure:4949:9: error: 'TIOCSTAT' undeclared (first use in this function)
configure:4949:9: note: each undeclared identifier is reported only once for each function it appears in
configure:4911: $? = 1
configure: failed program was:
| #line 4890 "configure"
| /* confdefs.h.  */
| 
| #define PACKAGE_NAME "readline"
| #define PACKAGE_TARNAME "readline"
| #define PACKAGE_VERSION "4.3"
| #define PACKAGE_STRING "readline 4.3"
| #define PACKAGE_BUGREPORT "bug-readline@gnu.org"
| #define STDC_HEADERS 1
| #define HAVE_SYS_TYPES_H 1
| #define HAVE_SYS_STAT_H 1
| #define HAVE_STDLIB_H 1
| #define HAVE_STRING_H 1
| #define HAVE_MEMORY_H 1
| #define HAVE_STRINGS_H 1
| #define HAVE_INTTYPES_H 1
| #define HAVE_STDINT_H 1
| #define HAVE_UNISTD_H 1
| #define PROTOTYPES 1
| #define __PROTOTYPES 1
| #define RETSIGTYPE void
| #define HAVE_DIRENT_H 1
| #define HAVE_LSTAT 1
| #define HAVE_MEMMOVE 1
| #define HAVE_PUTENV 1
| #define HAVE_SELECT 1
| #define HAVE_SETENV 1
| #define HAVE_SETLOCALE 1
| #define HAVE_STRCASECMP 1
| #define HAVE_STRPBRK 1
| #define HAVE_TCGETATTR 1
| #define HAVE_VSNPRINTF 1
| #define HAVE_ISASCII 1
| #define HAVE_ISXDIGIT 1
| #define HAVE_STRCOLL 1
| #define HAVE_UNISTD_H 1
| #define HAVE_STDLIB_H 1
| #define HAVE_STDARG_H 1
| #define HAVE_STRING_H 1
| #define HAVE_STRINGS_H 1
| #define HAVE_LIMITS_H 1
| #define HAVE_SYS_SELECT_H 1
| #define HAVE_TERMCAP_H 1
| #define HAVE_TERMIOS_H 1
| #define HAVE_TERMIO_H 1
| #define HAVE_SYS_FILE_H 1
| #define HAVE_LOCALE_H 1
| #define HAVE_MEMORY_H 1
| #define HAVE_POSIX_SIGNALS 1
| #define HAVE_POSIX_SIGSETJMP 1
| #define HAVE_LSTAT 1
| #define HAVE_GETPW_DECLS 1
| #define GWINSZ_IN_SYS_IOCTL 1
| #define VOID_SIGHANDLER 1
| /* end confdefs.h.  */
| #include <sys/types.h>
| #include <sys/ioctl.h>
| int
| main ()
| {
| int x = TIOCSTAT;
|   ;
|   return 0;
| }
configure:4929: result: no
configure:4938: checking for FIONREAD in sys/ioctl.h
configure:4961: gcc -c -g -O2  conftest.c >&5
configure:4964: $? = 0
configure:4967: test -s conftest.o
configure:4970: $? = 0
configure:4982: result: yes
configure:4991: checking for speed_t in sys/types.h
configure:5013: gcc -c -g -O2  conftest.c >&5
configure: In function 'main':
configure:5055:1: error: 'speed_t' undeclared (first use in this function)
configure:5055:1: note: each undeclared identifier is reported only once for each function it appears in
configure:5055:9: error: expected ';' before 'x'
configure:5016: $? = 1
configure: failed program was:
| #line 4996 "configure"
| /* confdefs.h.  */
| 
| #define PACKAGE_NAME "readline"
| #define PACKAGE_TARNAME "readline"
| #define PACKAGE_VERSION "4.3"
| #define PACKAGE_STRING "readline 4.3"
| #define PACKAGE_BUGREPORT "bug-readline@gnu.org"
| #define STDC_HEADERS 1
| #define HAVE_SYS_TYPES_H 1
| #define HAVE_SYS_STAT_H 1
| #define HAVE_STDLIB_H 1
| #define HAVE_STRING_H 1
| #define HAVE_MEMORY_H 1
| #define HAVE_STRINGS_H 1
| #define HAVE_INTTYPES_H 1
| #define HAVE_STDINT_H 1
| #define HAVE_UNISTD_H 1
| #define PROTOTYPES 1
| #define __PROTOTYPES 1
| #define RETSIGTYPE void
| #define HAVE_DIRENT_H 1
| #define HAVE_LSTAT 1
| #define HAVE_MEMMOVE 1
| #define HAVE_PUTENV 1
| #define HAVE_SELECT 1
| #define HAVE_SETENV 1
| #define HAVE_SETLOCALE 1
| #define HAVE_STRCASECMP 1
| #define HAVE_STRPBRK 1
| #define HAVE_TCGETATTR 1
| #define HAVE_VSNPRINTF 1
| #define HAVE_ISASCII 1
| #define HAVE_ISXDIGIT 1
| #define HAVE_STRCOLL 1
| #define HAVE_UNISTD_H 1
| #define HAVE_STDLIB_H 1
| #define HAVE_STDARG_H 1
| #define HAVE_STRING_H 1
| #define HAVE_STRINGS_H 1
| #define HAVE_LIMITS_H 1
| #define HAVE_SYS_SELECT_H 1
| #define HAVE_TERMCAP_H 1
| #define HAVE_TERMIOS_H 1
| #define HAVE_TERMIO_H 1
| #define HAVE_SYS_FILE_H 1
| #define HAVE_LOCALE_H 1
| #define HAVE_MEMORY_H 1
| #define HAVE_POSIX_SIGNALS 1
| #define HAVE_POSIX_SIGSETJMP 1
| #define HAVE_LSTAT 1
| #define HAVE_GETPW_DECLS 1
| #define GWINSZ_IN_SYS_IOCTL 1
| #define VOID_SIGHANDLER 1
| #define FIONREAD_IN_SYS_IOCTL 1
| /* end confdefs.h.  */
| #include <sys/types.h>
| int
| main ()
| {
| speed_t x;
|   ;
|   return 0;
| }
configure:5034: result: no
configure:5043: checking for struct winsize in sys/ioctl.h and termios.h
configure:5066: gcc -c -g -O2  conftest.c >&5
configure:5069: $? = 0
configure:5072: test -s conftest.o
configure:5075: $? = 0
configure:5125: result: sys/ioctl.h
configure:5144: checking if struct dirent has a d_ino member
configure:5188: gcc -c -g -O2  conftest.c >&5
configure:5191: $? = 0
configure:5194: test -s conftest.o
configure:5197: $? = 0
configure:5209: result: yes
configure:5219: checking if struct dirent has a d_fileno member
configure:5263: gcc -c -g -O2  conftest.c >&5
configure:5266: $? = 0
configure:5269: test -s conftest.o
configure:5272: $? = 0
configure:5284: result: yes
configure:5308: checking for tgetent in -ltermcap
configure:5339: gcc -o conftest -g -O2   conftest.c -ltermcap   >&5
configure:5342: $? = 0
configure:5345: test -s conftest
configure:5348: $? = 0
configure:5360: result: yes
configure:5548: checking which library has the termcap functions
configure:5551: result: using libtermcap
configure:5594: checking wctype.h usability
configure:5607: gcc -c -g -O2  conftest.c >&5
configure:5610: $? = 0
configure:5613: test -s conftest.o
configure:5616: $? = 0
configure:5626: result: yes
configure:5630: checking wctype.h presence
configure:5641: gcc -E  conftest.c
configure:5647: $? = 0
configure:5666: result: yes
configure:5702: checking for wctype.h
configure:5709: result: yes
configure:5736: checking wchar.h usability
configure:5749: gcc -c -g -O2  conftest.c >&5
configure:5752: $? = 0
configure:5755: test -s conftest.o
configure:5758: $? = 0
configure:5768: result: yes
configure:5772: checking wchar.h presence
configure:5783: gcc -E  conftest.c
configure:5789: $? = 0
configure:5808: result: yes
configure:5844: checking for wchar.h
configure:5851: result: yes
configure:5878: checking langinfo.h usability
configure:5891: gcc -c -g -O2  conftest.c >&5
configure:5894: $? = 0
configure:5897: test -s conftest.o
configure:5900: $? = 0
configure:5910: result: yes
configure:5914: checking langinfo.h presence
configure:5925: gcc -E  conftest.c
configure:5931: $? = 0
configure:5950: result: yes
configure:5986: checking for langinfo.h
configure:5993: result: yes
configure:6007: checking for mbrtowc
configure:6057: gcc -o conftest -g -O2   conftest.c  >&5
configure:6060: $? = 0
configure:6063: test -s conftest
configure:6066: $? = 0
configure:6077: result: yes
configure:6086: checking for mbsrtowcs
configure:6136: gcc -o conftest -g -O2   conftest.c  >&5
configure:6139: $? = 0
configure:6142: test -s conftest
configure:6145: $? = 0
configure:6156: result: yes
configure:6165: checking for wcwidth
configure:6215: gcc -o conftest -g -O2   conftest.c  >&5
configure:6218: $? = 0
configure:6221: test -s conftest
configure:6224: $? = 0
configure:6235: result: yes
configure:6251: checking for mbstate_t
configure:6280: gcc -o conftest -g -O2   conftest.c  >&5
configure:6283: $? = 0
configure:6285: ./conftest
configure:6288: $? = 0
configure:6302: result: yes
configure:6311: checking for nl_langinfo and CODESET
configure:6333: gcc -o conftest -g -O2   conftest.c  >&5
configure:6336: $? = 0
configure:6339: test -s conftest
configure:6342: $? = 0
configure:6353: result: yes
configure:6379: checking configuration for building shared libraries
configure:6394: result: supported
configure:6544: creating ./config.status

## ---------------------- ##
## Running config.status. ##
## ---------------------- ##

This file was extended by readline config.status 4.3, which was
generated by GNU Autoconf 2.57.  Invocation command line was

  CONFIG_FILES    = 
  CONFIG_HEADERS  = 
  CONFIG_LINKS    = 
  CONFIG_COMMANDS = 
  $ ./config.status 

on MiCART

config.status:665: creating Makefile
config.status:665: creating doc/Makefile
config.status:665: creating examples/Makefile
config.status:665: creating shlib/Makefile
config.status:762: creating config.h
config.status:1077: executing default commands

## ---------------- ##
## Cache variables. ##
## ---------------- ##

ac_cv_build=x86_64-unknown-linux-gnu
ac_cv_build_alias=x86_64-unknown-linux-gnu
ac_cv_c_char_unsigned=no
ac_cv_c_compiler_gnu=yes
ac_cv_c_const=yes
ac_cv_env_CC_set=set
ac_cv_env_CC_value=gcc
ac_cv_env_CFLAGS_set=set
ac_cv_env_CFLAGS_value='-g -O2'
ac_cv_env_CPPFLAGS_set=
ac_cv_env_CPPFLAGS_value=
ac_cv_env_CPP_set=
ac_cv_env_CPP_value=
ac_cv_env_LDFLAGS_set=set
ac_cv_env_LDFLAGS_value=
ac_cv_env_build_alias_set=set
ac_cv_env_build_alias_value=x86_64-unknown-linux-gnu
ac_cv_env_host_alias_set=set
ac_cv_env_host_alias_value=x86_64-unknown-linux-gnu
ac_cv_env_target_alias_set=set
ac_cv_env_target_alias_value=x86_64-unknown-linux-gnu
ac_cv_exeext=
ac_cv_func_isascii=yes
ac_cv_func_isxdigit=yes
ac_cv_func_lstat=yes
ac_cv_func_mbrtowc=yes
ac_cv_func_mbsrtowcs=yes
ac_cv_func_memmove=yes
ac_cv_func_putenv=yes
ac_cv_func_select=yes
ac_cv_func_setenv=yes
ac_cv_func_setlocale=yes
ac_cv_func_strcasecmp=yes
ac_cv_func_strcoll_works=yes
ac_cv_func_strpbrk=yes
ac_cv_func_tcgetattr=yes
ac_cv_func_vsnprintf=yes
ac_cv_func_wcwidth=yes
ac_cv_header_dirent_dirent_h=yes
ac_cv_header_inttypes_h=yes
ac_cv_header_langinfo_h=yes
ac_cv_header_limits_h=yes
ac_cv_header_locale_h=yes
ac_cv_header_memory_h=yes
ac_cv_header_minix_config_h=no
ac_cv_header_stat_broken=no
ac_cv_header_stdarg_h=yes
ac_cv_header_stdc=yes
ac_cv_header_stdint_h=yes
ac_cv_header_stdlib_h=yes
ac_cv_header_string_h=yes
ac_cv_header_strings_h=yes
ac_cv_header_sys_file_h=yes
ac_cv_header_sys_pte_h=no
ac_cv_header_sys_ptem_h=no
ac_cv_header_sys_select_h=yes
ac_cv_header_sys_stat_h=yes
ac_cv_header_sys_stream_h=no
ac_cv_header_sys_types_h=yes
ac_cv_header_termcap_h=yes
ac_cv_header_termio_h=yes
ac_cv_header_termios_h=yes
ac_cv_header_unistd_h=yes
ac_cv_header_varargs_h=no
ac_cv_header_wchar_h=yes
ac_cv_header_wctype_h=yes
ac_cv_host=x86_64-unknown-linux-gnu
ac_cv_host_alias=x86_64-unknown-linux-gnu
ac_cv_lib_termcap_tgetent=yes
ac_cv_objext=o
ac_cv_path_install='/usr/bin/install -c'
ac_cv_prog_AR=ar
ac_cv_prog_CC=gcc
ac_cv_prog_CPP='gcc -E'
ac_cv_prog_RANLIB=ranlib
ac_cv_prog_cc_g=yes
ac_cv_prog_cc_stdc=
ac_cv_prog_egrep='grep -E'
ac_cv_prog_gcc_traditional=no
ac_cv_prog_make_make_set=yes
ac_cv_search_opendir='none required'
ac_cv_sys_tiocgwinsz_in_sys_ioctl_h=yes
ac_cv_sys_tiocgwinsz_in_termios_h=no
ac_cv_type_signal=void
ac_cv_type_size_t=yes
ac_cv_type_ssize_t=yes
bash_cv_dirent_has_d_fileno=yes
bash_cv_dirent_has_dino=yes
bash_cv_fionread_in_ioctl=yes
bash_cv_func_lstat=yes
bash_cv_func_sigsetjmp=present
bash_cv_func_strcoll_broken=no
bash_cv_getpw_declared=yes
bash_cv_have_mbstate_t=yes
bash_cv_langinfo_codeset=yes
bash_cv_must_reinstall_sighandlers=no
bash_cv_signal_vintage=posix
bash_cv_speed_t_in_sys_types=no
bash_cv_struct_winsize_header=ioctl_h
bash_cv_termcap_lib=libtermcap
bash_cv_tiocstat_in_ioctl=no
bash_cv_void_sighandler=yes

## ----------------- ##
## Output variables. ##
## ----------------- ##

AR='ar'
ARFLAGS='cr'
BUILD_DIR='/home/sjohnston/micart/xen-4.0.1-testing/tools/debugger/gdb/gdb-6.2.1-linux-i386-xen/readline'
CC='gcc'
CC_FOR_BUILD='gcc'
CFLAGS='-g -O2'
CPP='gcc -E'
CPPFLAGS=''
CROSS_COMPILING_FLAG=''
DEFS='-DHAVE_CONFIG_H'
ECHO_C=''
ECHO_N='-n'
ECHO_T=''
EGREP='grep -E'
EXEEXT=''
INSTALL_DATA='${INSTALL} -m 644'
INSTALL_PROGRAM='${INSTALL}'
INSTALL_SCRIPT='${INSTALL}'
LDFLAGS=''
LIBOBJS=''
LIBS=''
LIBVERSION='4.3'
LOCAL_CFLAGS=''
LOCAL_DEFS=''
LOCAL_LDFLAGS=''
LTLIBOBJS=''
MAKE_SHELL='/bin/sh'
OBJEXT='o'
PACKAGE_BUGREPORT='bug-readline@gnu.org'
PACKAGE_NAME='readline'
PACKAGE_STRING='readline 4.3'
PACKAGE_TARNAME='readline'
PACKAGE_VERSION='4.3'
PATH_SEPARATOR=':'
RANLIB='ranlib'
SET_MAKE=''
SHARED_INSTALL_TARGET=''
SHARED_TARGET=''
SHELL='/bin/sh'
SHLIB_LIBS=''
SHLIB_LIBSUFF='so'
SHLIB_LIBVERSION='$(SHLIB_LIBSUFF).$(SHLIB_MAJOR)$(SHLIB_MINOR)'
SHLIB_MAJOR='4'
SHLIB_MINOR='3'
SHLIB_STATUS='supported'
SHLIB_XLDFLAGS='-Wl,-rpath,$(libdir) -Wl,-soname,`basename $@ $(SHLIB_MINOR)`'
SHOBJ_CC='gcc'
SHOBJ_CFLAGS='-fPIC'
SHOBJ_LD='${CC}'
SHOBJ_LDFLAGS='-shared -Wl,-soname,$@'
SHOBJ_LIBS=''
SHOBJ_STATUS='supported'
SHOBJ_XLDFLAGS=''
STATIC_INSTALL_TARGET='install-static'
STATIC_TARGET='static'
TERMCAP_LIB='-ltermcap'
WCWIDTH_OBJ=''
ac_ct_CC=''
ac_ct_RANLIB=''
bindir='${exec_prefix}/bin'
build='x86_64-unknown-linux-gnu'
build_alias='x86_64-unknown-linux-gnu'
build_cpu='x86_64'
build_os='linux-gnu'
build_vendor='unknown'
datadir='${prefix}/share'
exec_prefix='${prefix}'
host='x86_64-unknown-linux-gnu'
host_alias='x86_64-unknown-linux-gnu'
host_cpu='x86_64'
host_os='linux-gnu'
host_vendor='unknown'
includedir='${prefix}/include'
infodir='${prefix}/info'
libdir='${exec_prefix}/lib'
libexecdir='${exec_prefix}/libexec'
localstatedir='${prefix}/var'
mandir='${prefix}/man'
oldincludedir='/usr/include'
prefix='/usr/local'
program_transform_name='s,y,y,'
sbindir='${exec_prefix}/sbin'
sharedstatedir='${prefix}/com'
sysconfdir='${prefix}/etc'
target_alias='x86_64-unknown-linux-gnu'

## ----------- ##
## confdefs.h. ##
## ----------- ##

#define FIONREAD_IN_SYS_IOCTL 1
#define GWINSZ_IN_SYS_IOCTL 1
#define HAVE_DIRENT_H 1
#define HAVE_GETPW_DECLS 1
#define HAVE_INTTYPES_H 1
#define HAVE_ISASCII 1
#define HAVE_ISXDIGIT 1
#define HAVE_LANGINFO_CODESET 1
#define HAVE_LANGINFO_H 1
#define HAVE_LIMITS_H 1
#define HAVE_LOCALE_H 1
#define HAVE_LSTAT 1
#define HAVE_LSTAT 1
#define HAVE_MBRTOWC 1
#define HAVE_MBSRTOWCS 1
#define HAVE_MBSTATE_T 1
#define HAVE_MEMMOVE 1
#define HAVE_MEMORY_H 1
#define HAVE_MEMORY_H 1
#define HAVE_POSIX_SIGNALS 1
#define HAVE_POSIX_SIGSETJMP 1
#define HAVE_PUTENV 1
#define HAVE_SELECT 1
#define HAVE_SETENV 1
#define HAVE_SETLOCALE 1
#define HAVE_STDARG_H 1
#define HAVE_STDINT_H 1
#define HAVE_STDLIB_H 1
#define HAVE_STDLIB_H 1
#define HAVE_STRCASECMP 1
#define HAVE_STRCOLL 1
#define HAVE_STRINGS_H 1
#define HAVE_STRINGS_H 1
#define HAVE_STRING_H 1
#define HAVE_STRING_H 1
#define HAVE_STRPBRK 1
#define HAVE_SYS_FILE_H 1
#define HAVE_SYS_SELECT_H 1
#define HAVE_SYS_STAT_H 1
#define HAVE_SYS_TYPES_H 1
#define HAVE_TCGETATTR 1
#define HAVE_TERMCAP_H 1
#define HAVE_TERMIOS_H 1
#define HAVE_TERMIO_H 1
#define HAVE_UNISTD_H 1
#define HAVE_UNISTD_H 1
#define HAVE_VSNPRINTF 1
#define HAVE_WCHAR_H 1
#define HAVE_WCTYPE_H 1
#define HAVE_WCWIDTH 1
#define PACKAGE_BUGREPORT "bug-readline@gnu.org"
#define PACKAGE_NAME "readline"
#define PACKAGE_STRING "readline 4.3"
#define PACKAGE_TARNAME "readline"
#define PACKAGE_VERSION "4.3"
#define PROTOTYPES 1
#define RETSIGTYPE void
#define STDC_HEADERS 1
#define STRUCT_DIRENT_HAS_D_FILENO 1
#define STRUCT_DIRENT_HAS_D_INO 1
#define STRUCT_WINSIZE_IN_SYS_IOCTL 1
#define VOID_SIGHANDLER 1
#define __PROTOTYPES 1

configure: exit 0
